<?xml version="1.0" encoding="UTF-8"?>
<testng-results ignored="0" total="1" passed="1" failed="0" skipped="0">
  <reporter-output>
  </reporter-output>
  <suite started-at="2023-08-17T00:26:06 IST" name="Default suite" finished-at="2023-08-17T00:26:26 IST" duration-ms="20096">
    <groups>
    </groups>
    <test started-at="2023-08-17T00:26:06 IST" name="Default test" finished-at="2023-08-17T00:26:26 IST" duration-ms="20096">
      <class name="Element.Test.TextTest">
        <test-method signature="textTest()[pri:0, instance:Element.Test.TextTest@5fbdfdcf]" started-at="2023-08-17T00:26:06 IST" name="textTest" finished-at="2023-08-17T00:26:26 IST" duration-ms="19995" status="PASS">
          <reporter-output>
          </reporter-output>
        </test-method> <!-- textTest -->
      </class> <!-- Element.Test.TextTest -->
    </test> <!-- Default test -->
  </suite> <!-- Default suite -->
</testng-results>
